2024-04-14 11:37:45,965 - INFO     16720 --- [      logger.py: 60] | {'access_token_expire_minutes': '30',
 'app_name': 'Vereinsmanager Main API',
 'hash_algorithm': 'HS256',
 'postgres_database': 'vereinsmanager',
 'postgres_host': IPv4Address('128.140.37.36'),
 'postgres_password': '******',
 'postgres_username': 'postgres',
 'secret_key': 'secret',
 'superuser_password': '******',
 'superuser_username': 'admin'}
2024-04-14 11:37:45,965 - DEBUG    16720 --- [        main.py: 12] | Application Startup in main
2024-04-14 12:05:04,969 - INFO     37163 --- [      logger.py: 60] | {'access_token_expire_minutes': '30',
 'app_name': 'Vereinsmanager Main API',
 'hash_algorithm': 'HS256',
 'postgres_database': 'vereinsmanager',
 'postgres_host': IPv4Address('128.140.37.36'),
 'postgres_password': '******',
 'postgres_username': 'postgres',
 'secret_key': 'secret',
 'superuser_password': '******',
 'superuser_username': 'admin'}
2024-04-14 12:05:04,971 - DEBUG    37163 --- [        main.py: 13] | Application Startup in main
2024-04-14 12:05:22,910 - INFO     37466 --- [      logger.py: 60] | {'access_token_expire_minutes': '30',
 'app_name': 'Vereinsmanager Main API',
 'hash_algorithm': 'HS256',
 'postgres_database': 'vereinsmanager',
 'postgres_host': IPv4Address('128.140.37.36'),
 'postgres_password': '******',
 'postgres_username': 'postgres',
 'secret_key': 'secret',
 'superuser_password': '******',
 'superuser_username': 'admin'}
2024-04-14 12:05:22,911 - DEBUG    37466 --- [        main.py: 13] | Application Startup in main
2024-04-14 12:05:36,553 - INFO     37676 --- [      logger.py: 60] | {'access_token_expire_minutes': '30',
 'app_name': 'Vereinsmanager Main API',
 'hash_algorithm': 'HS256',
 'postgres_database': 'vereinsmanager',
 'postgres_host': IPv4Address('128.140.37.36'),
 'postgres_password': '******',
 'postgres_username': 'postgres',
 'secret_key': 'secret',
 'superuser_password': '******',
 'superuser_username': 'admin'}
2024-04-14 12:05:36,554 - DEBUG    37676 --- [        main.py: 13] | Application Startup in main
2024-04-14 12:06:31,906 - INFO     38437 --- [      logger.py: 60] | {'access_token_expire_minutes': '30',
 'app_name': 'Vereinsmanager Main API',
 'hash_algorithm': 'HS256',
 'postgres_database': 'vereinsmanager',
 'postgres_host': IPv4Address('128.140.37.36'),
 'postgres_password': '******',
 'postgres_username': 'postgres',
 'secret_key': 'secret',
 'superuser_password': '******',
 'superuser_username': 'admin'}
2024-04-14 12:06:31,907 - DEBUG    38437 --- [        main.py: 13] | Application Startup in main
2024-04-14 12:10:18,760 - INFO     41323 --- [      logger.py: 60] | {'access_token_expire_minutes': '30',
 'app_name': 'Vereinsmanager Main API',
 'hash_algorithm': 'HS256',
 'postgres_database': 'vereinsmanager',
 'postgres_host': IPv4Address('128.140.37.36'),
 'postgres_password': '******',
 'postgres_username': 'postgres',
 'secret_key': 'secret',
 'superuser_password': '******',
 'superuser_username': 'admin'}
2024-04-14 12:10:18,761 - DEBUG    41323 --- [        main.py: 13] | Application Startup in main
2024-04-17 08:45:42,306 - INFO     43308 --- [      logger.py: 60] | {'access_token_expire_minutes': '30',
 'app_name': 'Vereinsmanager Main API',
 'hash_algorithm': 'HS256',
 'postgres_database': 'vereinsmanager',
 'postgres_host': IPv4Address('128.140.37.36'),
 'postgres_password': '******',
 'postgres_username': 'postgres',
 'secret_key': 'secret',
 'superuser_password': '******',
 'superuser_username': 'admin'}
2024-04-17 08:45:42,307 - DEBUG    43308 --- [        main.py: 13] | Application Startup in main
2024-04-17 08:52:14,266 - INFO     44482 --- [      logger.py: 60] | {'access_token_expire_minutes': '30',
 'app_name': 'Vereinsmanager Main API',
 'hash_algorithm': 'HS256',
 'postgres_database': 'vereinsmanager',
 'postgres_host': IPv4Address('128.140.37.36'),
 'postgres_password': '******',
 'postgres_username': 'postgres',
 'secret_key': 'secret',
 'superuser_password': '******',
 'superuser_username': 'admin'}
2024-04-17 08:52:14,268 - DEBUG    44482 --- [        main.py: 13] | Application Startup in main
2024-04-17 08:52:15,426 - INFO     44496 --- [      logger.py: 60] | {'access_token_expire_minutes': '30',
 'app_name': 'Vereinsmanager Main API',
 'hash_algorithm': 'HS256',
 'postgres_database': 'vereinsmanager',
 'postgres_host': IPv4Address('128.140.37.36'),
 'postgres_password': '******',
 'postgres_username': 'postgres',
 'secret_key': 'secret',
 'superuser_password': '******',
 'superuser_username': 'admin'}
2024-04-17 08:52:15,427 - DEBUG    44496 --- [        main.py: 13] | Application Startup in main
2024-04-17 08:56:23,904 - INFO     45192 --- [      logger.py: 60] | {'access_token_expire_minutes': '30',
 'app_name': 'Vereinsmanager Main API',
 'hash_algorithm': 'HS256',
 'postgres_database': 'vereinsmanager',
 'postgres_host': IPv4Address('128.140.37.36'),
 'postgres_password': '******',
 'postgres_username': 'postgres',
 'secret_key': 'secret',
 'superuser_password': '******',
 'superuser_username': 'admin'}
2024-04-17 08:56:23,905 - DEBUG    45192 --- [        main.py: 13] | Application Startup in main
2024-04-17 08:57:02,666 - INFO     45328 --- [      logger.py: 60] | {'access_token_expire_minutes': '30',
 'app_name': 'Vereinsmanager Main API',
 'hash_algorithm': 'HS256',
 'postgres_database': 'vereinsmanager',
 'postgres_host': IPv4Address('128.140.37.36'),
 'postgres_password': '******',
 'postgres_username': 'postgres',
 'secret_key': 'secret',
 'superuser_password': '******',
 'superuser_username': 'admin'}
2024-04-17 08:57:02,668 - DEBUG    45328 --- [        main.py: 13] | Application Startup in main
2024-04-17 08:58:11,462 - INFO     45590 --- [      logger.py: 60] | {'access_token_expire_minutes': '30',
 'app_name': 'Vereinsmanager Main API',
 'hash_algorithm': 'HS256',
 'postgres_database': 'vereinsmanager',
 'postgres_host': IPv4Address('128.140.37.36'),
 'postgres_password': '******',
 'postgres_username': 'postgres',
 'secret_key': 'secret',
 'superuser_password': '******',
 'superuser_username': 'admin'}
2024-04-17 08:58:11,465 - DEBUG    45590 --- [        main.py: 13] | Application Startup in main
2024-04-17 09:03:56,874 - INFO     46541 --- [      logger.py: 60] | {'access_token_expire_minutes': '30',
 'app_name': 'Vereinsmanager Main API',
 'hash_algorithm': 'HS256',
 'postgres_database': 'vereinsmanager',
 'postgres_host': IPv4Address('128.140.37.36'),
 'postgres_password': '******',
 'postgres_username': 'postgres',
 'secret_key': 'secret',
 'superuser_password': '******',
 'superuser_username': 'admin'}
2024-04-17 09:03:56,904 - DEBUG    46541 --- [        main.py: 13] | Application Startup in main
2024-04-17 09:05:57,174 - INFO     46919 --- [      logger.py: 60] | {'access_token_expire_minutes': '30',
 'app_name': 'Vereinsmanager Main API',
 'hash_algorithm': 'HS256',
 'postgres_database': 'vereinsmanager',
 'postgres_host': IPv4Address('128.140.37.36'),
 'postgres_password': '******',
 'postgres_username': 'postgres',
 'secret_key': 'secret',
 'superuser_password': '******',
 'superuser_username': 'admin'}
2024-04-17 09:05:57,183 - DEBUG    46919 --- [        main.py: 13] | Application Startup in main
2024-04-17 09:05:58,611 - INFO     46931 --- [      logger.py: 60] | {'access_token_expire_minutes': '30',
 'app_name': 'Vereinsmanager Main API',
 'hash_algorithm': 'HS256',
 'postgres_database': 'vereinsmanager',
 'postgres_host': IPv4Address('128.140.37.36'),
 'postgres_password': '******',
 'postgres_username': 'postgres',
 'secret_key': 'secret',
 'superuser_password': '******',
 'superuser_username': 'admin'}
2024-04-17 09:05:58,624 - DEBUG    46931 --- [        main.py: 13] | Application Startup in main
2024-04-17 09:07:04,201 - INFO     47143 --- [      logger.py: 60] | {'access_token_expire_minutes': '30',
 'app_name': 'Vereinsmanager Main API',
 'hash_algorithm': 'HS256',
 'postgres_database': 'vereinsmanager',
 'postgres_host': IPv4Address('128.140.37.36'),
 'postgres_password': '******',
 'postgres_username': 'postgres',
 'secret_key': 'secret',
 'superuser_password': '******',
 'superuser_username': 'admin'}
2024-04-17 09:07:04,219 - DEBUG    47143 --- [        main.py: 13] | Application Startup in main
2024-04-17 09:07:05,077 - INFO     47164 --- [      logger.py: 60] | {'access_token_expire_minutes': '30',
 'app_name': 'Vereinsmanager Main API',
 'hash_algorithm': 'HS256',
 'postgres_database': 'vereinsmanager',
 'postgres_host': IPv4Address('128.140.37.36'),
 'postgres_password': '******',
 'postgres_username': 'postgres',
 'secret_key': 'secret',
 'superuser_password': '******',
 'superuser_username': 'admin'}
2024-04-17 09:07:05,088 - DEBUG    47164 --- [        main.py: 13] | Application Startup in main
2024-04-17 09:09:20,998 - INFO     47579 --- [      logger.py: 60] | {'access_token_expire_minutes': '30',
 'app_name': 'Vereinsmanager Main API',
 'hash_algorithm': 'HS256',
 'postgres_database': 'vereinsmanager',
 'postgres_host': IPv4Address('128.140.37.36'),
 'postgres_password': '******',
 'postgres_username': 'postgres',
 'secret_key': 'secret',
 'superuser_password': '******',
 'superuser_username': 'admin'}
2024-04-17 09:09:21,011 - DEBUG    47579 --- [        main.py: 13] | Application Startup in main
